{"level":"error","message":"AuthService - registerUser: User already exists","timestamp":"2025-05-11T15:51:41.219Z"}
{"level":"error","message":"AuthService - loginUser: Invalid credentials","timestamp":"2025-05-11T15:51:41.579Z"}
{"level":"error","message":"AuthService - loginUser: Invalid credentials","timestamp":"2025-05-11T15:51:41.673Z"}
{"level":"error","message":"AuthService - getCurrentUser: User not found","timestamp":"2025-05-11T15:51:41.852Z"}
{"level":"error","message":"AuthService - registerUser: User already exists","timestamp":"2025-05-11T15:56:05.077Z"}
{"level":"error","message":"AuthService - loginUser: Invalid credentials","timestamp":"2025-05-11T15:56:05.430Z"}
{"level":"error","message":"AuthService - loginUser: Invalid credentials","timestamp":"2025-05-11T15:56:05.520Z"}
{"level":"error","message":"AuthService - getCurrentUser: User not found","timestamp":"2025-05-11T15:56:05.688Z"}
{"level":"error","message":"AuthController - register: Registration failed","timestamp":"2025-05-11T15:58:19.957Z"}
{"level":"error","message":"AuthController - login: Login failed","timestamp":"2025-05-11T15:58:19.983Z"}
{"level":"error","message":"AuthController - getMe: User not found","timestamp":"2025-05-11T15:58:20.016Z"}
{"level":"error","message":"AuthService - registerUser: User already exists","timestamp":"2025-05-11T15:58:20.181Z"}
{"level":"error","message":"AuthService - loginUser: Invalid credentials","timestamp":"2025-05-11T15:58:20.515Z"}
{"level":"error","message":"AuthService - loginUser: Invalid credentials","timestamp":"2025-05-11T15:58:20.609Z"}
{"level":"error","message":"AuthService - getCurrentUser: User not found","timestamp":"2025-05-11T15:58:20.781Z"}
{"level":"error","message":"AuthService - registerUser: User already exists","timestamp":"2025-05-11T16:01:09.335Z"}
{"level":"error","message":"AuthService - loginUser: Invalid credentials","timestamp":"2025-05-11T16:01:09.732Z"}
{"level":"error","message":"AuthService - loginUser: Invalid credentials","timestamp":"2025-05-11T16:01:09.832Z"}
{"level":"error","message":"AuthService - getCurrentUser: User not found","timestamp":"2025-05-11T16:01:10.019Z"}
{"level":"error","message":"AuthService - registerUser: Operation `users.findOne()` buffering timed out after 10000ms","timestamp":"2025-05-11T16:08:10.649Z"}
{"level":"error","message":"AuthService - registerUser: Operation `users.findOne()` buffering timed out after 10000ms","timestamp":"2025-05-11T16:08:20.685Z"}
{"level":"error","message":"AuthService - registerUser: Operation `users.findOne()` buffering timed out after 10000ms","timestamp":"2025-05-11T16:08:30.708Z"}
{"level":"error","message":"AuthService - registerUser: Operation `users.findOne()` buffering timed out after 10000ms","timestamp":"2025-05-11T16:08:40.737Z"}
{"level":"error","message":"AuthService - registerUser: Operation `users.findOne()` buffering timed out after 10000ms","timestamp":"2025-05-11T16:08:50.771Z"}
{"level":"error","message":"AuthService - registerUser: Operation `users.findOne()` buffering timed out after 10000ms","timestamp":"2025-05-12T02:00:39.498Z"}
{"level":"error","message":"AuthService - registerUser: Operation `users.findOne()` buffering timed out after 10000ms","timestamp":"2025-05-12T02:00:49.493Z"}
{"level":"error","message":"AuthService - registerUser: Operation `users.findOne()` buffering timed out after 10000ms","timestamp":"2025-05-12T02:00:59.504Z"}
{"level":"error","message":"AuthService - registerUser: Operation `users.findOne()` buffering timed out after 10000ms","timestamp":"2025-05-12T02:01:09.550Z"}
{"level":"error","message":"AuthService - registerUser: Operation `users.findOne()` buffering timed out after 10000ms","timestamp":"2025-05-12T02:01:19.576Z"}
{"level":"error","message":"AuthService - registerUser: Operation `users.findOne()` buffering timed out after 10000ms","timestamp":"2025-05-12T02:04:13.257Z"}
{"level":"error","message":"AuthService - registerUser: Operation `users.findOne()` buffering timed out after 10000ms","timestamp":"2025-05-12T02:04:23.269Z"}
{"level":"error","message":"AuthService - registerUser: Operation `users.findOne()` buffering timed out after 10000ms","timestamp":"2025-05-12T02:04:33.281Z"}
{"level":"error","message":"AuthService - registerUser: Operation `users.findOne()` buffering timed out after 10000ms","timestamp":"2025-05-12T02:04:43.306Z"}
{"level":"error","message":"AuthService - registerUser: Operation `users.findOne()` buffering timed out after 10000ms","timestamp":"2025-05-12T02:04:53.323Z"}
